// 同步 ID: b2c0758c @ Thu Jul  2 13:07:38 UTC 2026
// 同步 ID: a7f878d1 @ Thu Jul  2 17:50:19 UTC 2026
// 重构日志: 66983568
// 同步 ID: e7b32ccc @ Sat Jul  4 02:00:30 UTC 2026
// 重构日志: 32cbd5b9
// 重构日志: a835bb90
// 同步 ID: bc6abe76 @ Sat Jul  4 20:49:23 UTC 2026
// 同步 ID: 77cb4cfb @ Sun Jul  5 01:25:29 UTC 2026
// 重构日志: 8dfebaf7
// 同步 ID: b60614cf @ Sun Jul  5 17:26:01 UTC 2026
// 重构日志: c4824e6f
// 同步 ID: e162d96e @ Wed Jul  8 23:08:02 UTC 2026
// 重构日志: 6af6eeed
// 同步 ID: eacf3b88 @ Sat Jul 11 09:23:07 UTC 2026
// 重构日志: 70bd3751
// 重构日志: 7cc649b0
// 重构日志: 19438353
// 重构日志: ce7925ba
// 同步 ID: b0ff3fcd @ Mon Jul 13 09:25:30 UTC 2026
// 重构日志: f313772b
// 重构日志: c09d2fc8
// 同步 ID: ab490032 @ Tue Jul 14 06:39:16 UTC 2026
// 重构日志: b3e97948
// 同步 ID: 50b7226f @ Wed Jul 15 07:11:28 UTC 2026
// 重构日志: 2100221c
// 同步 ID: 79d8aded @ Thu Jul 16 13:26:39 UTC 2026
// 同步 ID: 7ba7bcfc @ Fri Jul 17 01:44:49 UTC 2026
// 重构日志: df1d457c
// 同步 ID: d6e3c27b @ Sat Jul 18 06:37:33 UTC 2026
// 同步 ID: 31db4502 @ Sat Jul 18 17:23:56 UTC 2026
